d:\gameengineproject\quan\quan\x64\debug\vc143.pdb
d:\gameengineproject\quan\quan\x64\debug\vc143.idb
d:\gameengineproject\quan\quan\x64\debug\main.obj
d:\gameengineproject\quan\quan\x64\debug\imgui_widgets.obj
d:\gameengineproject\quan\quan\x64\debug\imgui_tables.obj
d:\gameengineproject\quan\quan\x64\debug\imgui_impl_opengl3.obj
d:\gameengineproject\quan\quan\x64\debug\imgui_impl_glfw.obj
d:\gameengineproject\quan\quan\x64\debug\imgui_draw.obj
d:\gameengineproject\quan\quan\x64\debug\imgui_demo.obj
d:\gameengineproject\quan\quan\x64\debug\imgui.obj
d:\gameengineproject\quan\quan\x64\debug\miniaudio.obj
d:\gameengineproject\quan\x64\debug\quan.exe
d:\gameengineproject\quan\x64\debug\quan.pdb
d:\gameengineproject\quan\quan\x64\debug\quan.ilk
d:\gameengineproject\quan\quan\x64\debug\quan.tlog\cl.command.1.tlog
d:\gameengineproject\quan\quan\x64\debug\quan.tlog\cl.items.tlog
d:\gameengineproject\quan\quan\x64\debug\quan.tlog\cl.read.1.tlog
d:\gameengineproject\quan\quan\x64\debug\quan.tlog\cl.write.1.tlog
d:\gameengineproject\quan\quan\x64\debug\quan.tlog\link.command.1.tlog
d:\gameengineproject\quan\quan\x64\debug\quan.tlog\link.read.1.tlog
d:\gameengineproject\quan\quan\x64\debug\quan.tlog\link.secondary.1.tlog
d:\gameengineproject\quan\quan\x64\debug\quan.tlog\link.write.1.tlog
